<?xml version="1.0" encoding="UTF-8"?>
<!-- Generated by org.testng.reporters.JUnitXMLReporter -->
<testsuite ignored="0" hostname="LAPTOP-J6JSJEKO" failures="0" tests="3" name="Default test" time="0.102" errors="0" timestamp="2021-08-05T11:26:48 IST">
  <testcase classname="testn.FouthData" name="testfour" time="0.011"/>
  <testcase classname="testn.FouthData" name="testfour" time="0.004"/>
  <testcase classname="testn.FouthData" name="testfour" time="0.003"/>
</testsuite> <!-- Default test -->
