<?xml version="1.0" encoding="UTF-8"?>
<!-- Generated by org.testng.reporters.JUnitXMLReporter -->
<testsuite ignored="2" hostname="LAPTOP-J6JSJEKO" failures="0" tests="1" name="Clo" time="0.082" errors="0" timestamp="2021-08-05T12:25:54 IST">
  <testcase classname="testn.Secondte" name="fourthna" time="0.018"/>
  <testcase classname="testn.Secondte" name="fourthka" time="0.0">
    <ignored/>
  </testcase> <!-- fourthka -->
  <testcase classname="testn.Secondte" name="third" time="0.0">
    <ignored/>
  </testcase> <!-- third -->
</testsuite> <!-- Clo -->
