<?xml version="1.0" encoding="UTF-8"?>
<!-- Generated by org.testng.reporters.JUnitXMLReporter -->
<testsuite ignored="1" hostname="LAPTOP-J6JSJEKO" failures="0" tests="8" name="Mlo" time="0.18" errors="0" timestamp="2021-08-05T12:25:54 IST">
  <testcase classname="testn.FirstTe" name="Testone" time="0.013"/>
  <testcase classname="testn.FirstTe" name="Testtwo" time="0.002"/>
  <testcase classname="testn.Thirdte" name="thirdclass" time="0.004"/>
  <testcase classname="testn.Thirdte" name="thirdclasss" time="0.007"/>
  <testcase classname="testn.FouthData" name="testfour" time="0.003"/>
  <testcase classname="testn.FouthData" name="testfour" time="0.008"/>
  <testcase classname="testn.FouthData" name="testfour" time="0.008"/>
  <testcase classname="testn.FirstTe" name="Atest" time="0.004"/>
  <testcase classname="testn.FirstTe" name="Aatest" time="0.0">
    <ignored/>
  </testcase> <!-- Aatest -->
</testsuite> <!-- Mlo -->
